Jun 01 2018 17:44:50
{"type":8,"message":"Undefined index: selected_method","file":"\/home\/yao\/public_html\/wp-content\/themes\/yao-asian-cousine\/functions.php","line":140}

Jun 01 2018 17:44:53
{"type":8,"message":"Undefined index: selected_method","file":"\/home\/yao\/public_html\/wp-content\/themes\/yao-asian-cousine\/functions.php","line":140}

Jun 01 2018 22:20:40
{"type":8,"message":"Undefined index: selected_method","file":"\/home\/yao\/public_html\/wp-content\/themes\/yao-asian-cousine\/functions.php","line":140}

Jun 01 2018 22:20:44
{"type":8,"message":"Undefined index: selected_method","file":"\/home\/yao\/public_html\/wp-content\/themes\/yao-asian-cousine\/functions.php","line":140}

Jun 01 2018 22:20:48
{"type":8,"message":"Undefined index: selected_method","file":"\/home\/yao\/public_html\/wp-content\/themes\/yao-asian-cousine\/functions.php","line":140}

Jun 01 2018 22:20:51
{"type":8,"message":"Undefined index: selected_method","file":"\/home\/yao\/public_html\/wp-content\/themes\/yao-asian-cousine\/functions.php","line":140}

Jun 01 2018 22:20:55
{"type":8,"message":"Undefined index: selected_method","file":"\/home\/yao\/public_html\/wp-content\/themes\/yao-asian-cousine\/functions.php","line":140}

Jun 01 2018 22:21:00
{"type":8,"message":"Undefined index: selected_method","file":"\/home\/yao\/public_html\/wp-content\/themes\/yao-asian-cousine\/functions.php","line":140}

Jun 01 2018 22:21:04
{"type":8,"message":"Undefined index: selected_method","file":"\/home\/yao\/public_html\/wp-content\/themes\/yao-asian-cousine\/functions.php","line":140}

Jun 01 2018 22:21:07
{"type":8,"message":"Undefined index: selected_method","file":"\/home\/yao\/public_html\/wp-content\/themes\/yao-asian-cousine\/functions.php","line":140}

Jun 01 2018 22:21:11
{"type":8,"message":"Undefined index: selected_method","file":"\/home\/yao\/public_html\/wp-content\/themes\/yao-asian-cousine\/functions.php","line":140}

Jun 01 2018 22:21:15
{"type":8,"message":"Undefined index: selected_method","file":"\/home\/yao\/public_html\/wp-content\/themes\/yao-asian-cousine\/functions.php","line":140}

Jun 01 2018 22:21:18
{"type":8,"message":"Undefined index: selected_method","file":"\/home\/yao\/public_html\/wp-content\/themes\/yao-asian-cousine\/functions.php","line":140}

Jun 01 2018 22:21:22
{"type":8,"message":"Undefined index: selected_method","file":"\/home\/yao\/public_html\/wp-content\/themes\/yao-asian-cousine\/functions.php","line":140}

Jun 01 2018 22:21:25
{"type":8,"message":"Undefined index: selected_method","file":"\/home\/yao\/public_html\/wp-content\/themes\/yao-asian-cousine\/functions.php","line":140}

Jun 01 2018 22:21:29
{"type":8,"message":"Undefined index: selected_method","file":"\/home\/yao\/public_html\/wp-content\/themes\/yao-asian-cousine\/functions.php","line":140}

Jun 01 2018 22:21:32
{"type":8,"message":"Undefined index: selected_method","file":"\/home\/yao\/public_html\/wp-content\/themes\/yao-asian-cousine\/functions.php","line":140}

Jun 01 2018 22:21:36
{"type":8,"message":"Undefined index: selected_method","file":"\/home\/yao\/public_html\/wp-content\/themes\/yao-asian-cousine\/functions.php","line":140}

Jun 01 2018 22:21:39
{"type":8,"message":"Undefined index: selected_method","file":"\/home\/yao\/public_html\/wp-content\/themes\/yao-asian-cousine\/functions.php","line":140}

Jun 01 2018 22:21:43
{"type":8,"message":"Undefined index: selected_method","file":"\/home\/yao\/public_html\/wp-content\/themes\/yao-asian-cousine\/functions.php","line":140}

Jun 01 2018 22:21:47
{"type":8,"message":"Undefined index: selected_method","file":"\/home\/yao\/public_html\/wp-content\/themes\/yao-asian-cousine\/functions.php","line":140}

Jun 01 2018 22:21:50
{"type":8,"message":"Undefined index: selected_method","file":"\/home\/yao\/public_html\/wp-content\/themes\/yao-asian-cousine\/functions.php","line":140}

Jun 01 2018 22:21:54
{"type":8,"message":"Undefined index: selected_method","file":"\/home\/yao\/public_html\/wp-content\/themes\/yao-asian-cousine\/functions.php","line":140}

Jun 01 2018 22:22:00
{"type":8,"message":"Undefined index: selected_method","file":"\/home\/yao\/public_html\/wp-content\/themes\/yao-asian-cousine\/functions.php","line":140}

Jun 01 2018 22:22:04
{"type":8,"message":"Undefined index: selected_method","file":"\/home\/yao\/public_html\/wp-content\/themes\/yao-asian-cousine\/functions.php","line":140}

Jun 01 2018 22:22:07
{"type":8,"message":"Undefined index: selected_method","file":"\/home\/yao\/public_html\/wp-content\/themes\/yao-asian-cousine\/functions.php","line":140}

Jun 01 2018 22:22:11
{"type":8,"message":"Undefined index: selected_method","file":"\/home\/yao\/public_html\/wp-content\/themes\/yao-asian-cousine\/functions.php","line":140}

Jun 01 2018 22:22:15
{"type":8,"message":"Undefined index: selected_method","file":"\/home\/yao\/public_html\/wp-content\/themes\/yao-asian-cousine\/functions.php","line":140}

Jun 01 2018 22:22:18
{"type":8,"message":"Undefined index: selected_method","file":"\/home\/yao\/public_html\/wp-content\/themes\/yao-asian-cousine\/functions.php","line":140}

Jun 01 2018 22:22:22
{"type":8,"message":"Undefined index: selected_method","file":"\/home\/yao\/public_html\/wp-content\/themes\/yao-asian-cousine\/functions.php","line":140}

Jun 01 2018 22:22:26
{"type":8,"message":"Undefined index: selected_method","file":"\/home\/yao\/public_html\/wp-content\/themes\/yao-asian-cousine\/functions.php","line":140}

Jun 01 2018 22:22:29
{"type":8,"message":"Undefined index: selected_method","file":"\/home\/yao\/public_html\/wp-content\/themes\/yao-asian-cousine\/functions.php","line":140}

Jun 01 2018 22:22:33
{"type":8,"message":"Undefined index: selected_method","file":"\/home\/yao\/public_html\/wp-content\/themes\/yao-asian-cousine\/functions.php","line":140}

Jun 01 2018 22:22:37
{"type":8,"message":"Undefined index: selected_method","file":"\/home\/yao\/public_html\/wp-content\/themes\/yao-asian-cousine\/functions.php","line":140}

Jun 01 2018 22:22:40
{"type":8,"message":"Undefined index: selected_method","file":"\/home\/yao\/public_html\/wp-content\/themes\/yao-asian-cousine\/functions.php","line":140}

Jun 01 2018 22:22:44
{"type":8,"message":"Undefined index: selected_method","file":"\/home\/yao\/public_html\/wp-content\/themes\/yao-asian-cousine\/functions.php","line":140}

Jun 01 2018 22:22:47
{"type":8,"message":"Undefined index: selected_method","file":"\/home\/yao\/public_html\/wp-content\/themes\/yao-asian-cousine\/functions.php","line":140}

Jun 01 2018 22:22:52
{"type":8,"message":"Undefined index: selected_method","file":"\/home\/yao\/public_html\/wp-content\/themes\/yao-asian-cousine\/functions.php","line":140}

Jun 01 2018 22:22:56
{"type":8,"message":"Undefined index: selected_method","file":"\/home\/yao\/public_html\/wp-content\/themes\/yao-asian-cousine\/functions.php","line":140}

Jun 01 2018 22:23:01
{"type":8,"message":"Undefined index: selected_method","file":"\/home\/yao\/public_html\/wp-content\/themes\/yao-asian-cousine\/functions.php","line":140}

Jun 01 2018 22:23:04
{"type":8,"message":"Undefined index: selected_method","file":"\/home\/yao\/public_html\/wp-content\/themes\/yao-asian-cousine\/functions.php","line":140}

Jun 01 2018 22:23:08
{"type":8,"message":"Undefined index: selected_method","file":"\/home\/yao\/public_html\/wp-content\/themes\/yao-asian-cousine\/functions.php","line":140}

Jun 01 2018 22:23:12
{"type":8,"message":"Undefined index: selected_method","file":"\/home\/yao\/public_html\/wp-content\/themes\/yao-asian-cousine\/functions.php","line":140}

Jun 01 2018 22:23:15
{"type":8,"message":"Undefined index: selected_method","file":"\/home\/yao\/public_html\/wp-content\/themes\/yao-asian-cousine\/functions.php","line":140}

Jun 01 2018 22:23:19
{"type":8,"message":"Undefined index: selected_method","file":"\/home\/yao\/public_html\/wp-content\/themes\/yao-asian-cousine\/functions.php","line":140}

Jun 01 2018 22:23:23
{"type":8,"message":"Undefined index: selected_method","file":"\/home\/yao\/public_html\/wp-content\/themes\/yao-asian-cousine\/functions.php","line":140}

Jun 01 2018 22:23:26
{"type":8,"message":"Undefined index: selected_method","file":"\/home\/yao\/public_html\/wp-content\/themes\/yao-asian-cousine\/functions.php","line":140}

Jun 01 2018 22:23:30
{"type":8,"message":"Undefined index: selected_method","file":"\/home\/yao\/public_html\/wp-content\/themes\/yao-asian-cousine\/functions.php","line":140}

Jun 01 2018 22:23:33
{"type":8,"message":"Undefined index: selected_method","file":"\/home\/yao\/public_html\/wp-content\/themes\/yao-asian-cousine\/functions.php","line":140}

Jun 01 2018 22:23:37
{"type":8,"message":"Undefined index: selected_method","file":"\/home\/yao\/public_html\/wp-content\/themes\/yao-asian-cousine\/functions.php","line":140}

Jun 01 2018 22:23:40
{"type":8,"message":"Undefined index: selected_method","file":"\/home\/yao\/public_html\/wp-content\/themes\/yao-asian-cousine\/functions.php","line":140}

Jun 01 2018 22:23:44
{"type":8,"message":"Undefined index: selected_method","file":"\/home\/yao\/public_html\/wp-content\/themes\/yao-asian-cousine\/functions.php","line":140}

Jun 01 2018 22:23:47
{"type":8,"message":"Undefined index: selected_method","file":"\/home\/yao\/public_html\/wp-content\/themes\/yao-asian-cousine\/functions.php","line":140}

Jun 01 2018 22:23:52
{"type":8,"message":"Undefined index: selected_method","file":"\/home\/yao\/public_html\/wp-content\/themes\/yao-asian-cousine\/functions.php","line":140}

Jun 01 2018 22:23:55
{"type":8,"message":"Undefined index: selected_method","file":"\/home\/yao\/public_html\/wp-content\/themes\/yao-asian-cousine\/functions.php","line":140}

Jun 01 2018 22:23:59
{"type":8,"message":"Undefined index: selected_method","file":"\/home\/yao\/public_html\/wp-content\/themes\/yao-asian-cousine\/functions.php","line":140}

Jun 01 2018 22:24:03
{"type":8,"message":"Undefined index: selected_method","file":"\/home\/yao\/public_html\/wp-content\/themes\/yao-asian-cousine\/functions.php","line":140}

Jun 01 2018 22:24:07
{"type":8,"message":"Undefined index: selected_method","file":"\/home\/yao\/public_html\/wp-content\/themes\/yao-asian-cousine\/functions.php","line":140}

Jun 01 2018 22:24:11
{"type":8,"message":"Undefined index: selected_method","file":"\/home\/yao\/public_html\/wp-content\/themes\/yao-asian-cousine\/functions.php","line":140}

Jun 01 2018 22:24:14
{"type":8,"message":"Undefined index: selected_method","file":"\/home\/yao\/public_html\/wp-content\/themes\/yao-asian-cousine\/functions.php","line":140}

Jun 01 2018 22:24:18
{"type":8,"message":"Undefined index: selected_method","file":"\/home\/yao\/public_html\/wp-content\/themes\/yao-asian-cousine\/functions.php","line":140}

Jun 01 2018 22:24:21
{"type":8,"message":"Undefined index: selected_method","file":"\/home\/yao\/public_html\/wp-content\/themes\/yao-asian-cousine\/functions.php","line":140}

Jun 01 2018 22:24:25
{"type":8,"message":"Undefined index: selected_method","file":"\/home\/yao\/public_html\/wp-content\/themes\/yao-asian-cousine\/functions.php","line":140}

Jun 01 2018 22:24:29
{"type":8,"message":"Undefined index: selected_method","file":"\/home\/yao\/public_html\/wp-content\/themes\/yao-asian-cousine\/functions.php","line":140}

Jun 01 2018 22:24:33
{"type":8,"message":"Undefined index: selected_method","file":"\/home\/yao\/public_html\/wp-content\/themes\/yao-asian-cousine\/functions.php","line":140}

Jun 01 2018 22:24:37
{"type":8,"message":"Undefined index: selected_method","file":"\/home\/yao\/public_html\/wp-content\/themes\/yao-asian-cousine\/functions.php","line":140}

Jun 01 2018 22:24:40
{"type":8,"message":"Undefined index: selected_method","file":"\/home\/yao\/public_html\/wp-content\/themes\/yao-asian-cousine\/functions.php","line":140}

Jun 01 2018 22:24:44
{"type":8,"message":"Undefined index: selected_method","file":"\/home\/yao\/public_html\/wp-content\/themes\/yao-asian-cousine\/functions.php","line":140}

Jun 01 2018 22:24:48
{"type":8,"message":"Undefined index: selected_method","file":"\/home\/yao\/public_html\/wp-content\/themes\/yao-asian-cousine\/functions.php","line":140}

Jun 01 2018 22:24:51
{"type":8,"message":"Undefined index: selected_method","file":"\/home\/yao\/public_html\/wp-content\/themes\/yao-asian-cousine\/functions.php","line":140}

Jun 01 2018 22:24:55
{"type":8,"message":"Undefined index: selected_method","file":"\/home\/yao\/public_html\/wp-content\/themes\/yao-asian-cousine\/functions.php","line":140}

Jun 01 2018 22:25:00
{"type":8,"message":"Undefined index: selected_method","file":"\/home\/yao\/public_html\/wp-content\/themes\/yao-asian-cousine\/functions.php","line":140}

Jun 01 2018 22:25:05
{"type":8,"message":"Undefined index: selected_method","file":"\/home\/yao\/public_html\/wp-content\/themes\/yao-asian-cousine\/functions.php","line":140}

Jun 01 2018 22:25:08
{"type":8,"message":"Undefined index: selected_method","file":"\/home\/yao\/public_html\/wp-content\/themes\/yao-asian-cousine\/functions.php","line":140}

Jun 01 2018 22:25:12
{"type":8,"message":"Undefined index: selected_method","file":"\/home\/yao\/public_html\/wp-content\/themes\/yao-asian-cousine\/functions.php","line":140}

Jun 01 2018 22:25:15
{"type":8,"message":"Undefined index: selected_method","file":"\/home\/yao\/public_html\/wp-content\/themes\/yao-asian-cousine\/functions.php","line":140}

Jun 01 2018 22:25:19
{"type":8,"message":"Undefined index: selected_method","file":"\/home\/yao\/public_html\/wp-content\/themes\/yao-asian-cousine\/functions.php","line":140}

Jun 01 2018 22:25:22
{"type":8,"message":"Undefined index: selected_method","file":"\/home\/yao\/public_html\/wp-content\/themes\/yao-asian-cousine\/functions.php","line":140}

Jun 01 2018 22:25:26
{"type":8,"message":"Undefined index: selected_method","file":"\/home\/yao\/public_html\/wp-content\/themes\/yao-asian-cousine\/functions.php","line":140}

Jun 01 2018 22:25:30
{"type":8,"message":"Undefined index: selected_method","file":"\/home\/yao\/public_html\/wp-content\/themes\/yao-asian-cousine\/functions.php","line":140}

Jun 01 2018 22:25:33
{"type":8,"message":"Undefined index: selected_method","file":"\/home\/yao\/public_html\/wp-content\/themes\/yao-asian-cousine\/functions.php","line":140}

Jun 01 2018 22:25:37
{"type":8,"message":"Undefined index: selected_method","file":"\/home\/yao\/public_html\/wp-content\/themes\/yao-asian-cousine\/functions.php","line":140}

Jun 01 2018 22:25:40
{"type":8,"message":"Undefined index: selected_method","file":"\/home\/yao\/public_html\/wp-content\/themes\/yao-asian-cousine\/functions.php","line":140}

Jun 01 2018 22:25:44
{"type":8,"message":"Undefined index: selected_method","file":"\/home\/yao\/public_html\/wp-content\/themes\/yao-asian-cousine\/functions.php","line":140}

Jun 01 2018 22:25:48
{"type":8,"message":"Undefined index: selected_method","file":"\/home\/yao\/public_html\/wp-content\/themes\/yao-asian-cousine\/functions.php","line":140}

Jun 01 2018 22:25:51
{"type":8,"message":"Undefined index: selected_method","file":"\/home\/yao\/public_html\/wp-content\/themes\/yao-asian-cousine\/functions.php","line":140}

Jun 01 2018 22:25:55
{"type":8,"message":"Undefined index: selected_method","file":"\/home\/yao\/public_html\/wp-content\/themes\/yao-asian-cousine\/functions.php","line":140}

Jun 01 2018 22:25:59
{"type":8,"message":"Undefined index: selected_method","file":"\/home\/yao\/public_html\/wp-content\/themes\/yao-asian-cousine\/functions.php","line":140}

Jun 01 2018 22:26:03
{"type":8,"message":"Undefined index: selected_method","file":"\/home\/yao\/public_html\/wp-content\/themes\/yao-asian-cousine\/functions.php","line":140}

Jun 01 2018 22:26:08
{"type":8,"message":"Undefined index: selected_method","file":"\/home\/yao\/public_html\/wp-content\/themes\/yao-asian-cousine\/functions.php","line":140}

Jun 01 2018 22:26:12
{"type":8,"message":"Undefined index: selected_method","file":"\/home\/yao\/public_html\/wp-content\/themes\/yao-asian-cousine\/functions.php","line":140}

Jun 01 2018 22:26:16
{"type":8,"message":"Undefined index: selected_method","file":"\/home\/yao\/public_html\/wp-content\/themes\/yao-asian-cousine\/functions.php","line":140}

Jun 01 2018 22:26:19
{"type":8,"message":"Undefined index: selected_method","file":"\/home\/yao\/public_html\/wp-content\/themes\/yao-asian-cousine\/functions.php","line":140}

Jun 01 2018 22:26:23
{"type":8,"message":"Undefined index: selected_method","file":"\/home\/yao\/public_html\/wp-content\/themes\/yao-asian-cousine\/functions.php","line":140}

Jun 01 2018 22:26:27
{"type":8,"message":"Undefined index: selected_method","file":"\/home\/yao\/public_html\/wp-content\/themes\/yao-asian-cousine\/functions.php","line":140}

Jun 01 2018 22:26:30
{"type":8,"message":"Undefined index: selected_method","file":"\/home\/yao\/public_html\/wp-content\/themes\/yao-asian-cousine\/functions.php","line":140}

Jun 01 2018 22:26:34
{"type":8,"message":"Undefined index: selected_method","file":"\/home\/yao\/public_html\/wp-content\/themes\/yao-asian-cousine\/functions.php","line":140}

Jun 01 2018 22:26:37
{"type":8,"message":"Undefined index: selected_method","file":"\/home\/yao\/public_html\/wp-content\/themes\/yao-asian-cousine\/functions.php","line":140}

Jun 01 2018 22:26:42
{"type":8,"message":"Undefined index: selected_method","file":"\/home\/yao\/public_html\/wp-content\/themes\/yao-asian-cousine\/functions.php","line":140}

Jun 01 2018 22:26:45
{"type":8,"message":"Undefined index: selected_method","file":"\/home\/yao\/public_html\/wp-content\/themes\/yao-asian-cousine\/functions.php","line":140}

Jun 01 2018 22:26:49
{"type":8,"message":"Undefined index: selected_method","file":"\/home\/yao\/public_html\/wp-content\/themes\/yao-asian-cousine\/functions.php","line":140}

Jun 01 2018 22:26:52
{"type":8,"message":"Undefined index: selected_method","file":"\/home\/yao\/public_html\/wp-content\/themes\/yao-asian-cousine\/functions.php","line":140}

Jun 01 2018 22:26:56
{"type":8,"message":"Undefined index: selected_method","file":"\/home\/yao\/public_html\/wp-content\/themes\/yao-asian-cousine\/functions.php","line":140}

Jun 01 2018 22:27:00
{"type":8,"message":"Undefined index: selected_method","file":"\/home\/yao\/public_html\/wp-content\/themes\/yao-asian-cousine\/functions.php","line":140}

Jun 01 2018 22:27:04
{"type":8,"message":"Undefined index: selected_method","file":"\/home\/yao\/public_html\/wp-content\/themes\/yao-asian-cousine\/functions.php","line":140}

Jun 01 2018 22:27:09
{"type":8,"message":"Undefined index: selected_method","file":"\/home\/yao\/public_html\/wp-content\/themes\/yao-asian-cousine\/functions.php","line":140}

Jun 01 2018 22:27:12
{"type":8,"message":"Undefined index: selected_method","file":"\/home\/yao\/public_html\/wp-content\/themes\/yao-asian-cousine\/functions.php","line":140}

Jun 01 2018 22:27:16
{"type":8,"message":"Undefined index: selected_method","file":"\/home\/yao\/public_html\/wp-content\/themes\/yao-asian-cousine\/functions.php","line":140}

Jun 01 2018 22:27:19
{"type":8,"message":"Undefined index: selected_method","file":"\/home\/yao\/public_html\/wp-content\/themes\/yao-asian-cousine\/functions.php","line":140}

Jun 01 2018 22:27:23
{"type":8,"message":"Undefined index: selected_method","file":"\/home\/yao\/public_html\/wp-content\/themes\/yao-asian-cousine\/functions.php","line":140}

Jun 01 2018 22:27:26
{"type":8,"message":"Undefined index: selected_method","file":"\/home\/yao\/public_html\/wp-content\/themes\/yao-asian-cousine\/functions.php","line":140}

Jun 01 2018 22:27:30
{"type":8,"message":"Undefined index: selected_method","file":"\/home\/yao\/public_html\/wp-content\/themes\/yao-asian-cousine\/functions.php","line":140}

Jun 01 2018 22:27:33
{"type":8,"message":"Undefined index: selected_method","file":"\/home\/yao\/public_html\/wp-content\/themes\/yao-asian-cousine\/functions.php","line":140}

Jun 01 2018 22:27:37
{"type":8,"message":"Undefined index: selected_method","file":"\/home\/yao\/public_html\/wp-content\/themes\/yao-asian-cousine\/functions.php","line":140}

Jun 01 2018 22:27:40
{"type":8,"message":"Undefined index: selected_method","file":"\/home\/yao\/public_html\/wp-content\/themes\/yao-asian-cousine\/functions.php","line":140}

Jun 01 2018 22:27:44
{"type":8,"message":"Undefined index: selected_method","file":"\/home\/yao\/public_html\/wp-content\/themes\/yao-asian-cousine\/functions.php","line":140}

Jun 01 2018 22:27:47
{"type":8,"message":"Undefined index: selected_method","file":"\/home\/yao\/public_html\/wp-content\/themes\/yao-asian-cousine\/functions.php","line":140}

Jun 01 2018 22:27:53
{"type":8,"message":"Undefined index: selected_method","file":"\/home\/yao\/public_html\/wp-content\/themes\/yao-asian-cousine\/functions.php","line":140}

Jun 01 2018 22:27:58
{"type":8,"message":"Undefined index: selected_method","file":"\/home\/yao\/public_html\/wp-content\/themes\/yao-asian-cousine\/functions.php","line":140}

Jun 01 2018 22:28:02
{"type":8,"message":"Undefined index: selected_method","file":"\/home\/yao\/public_html\/wp-content\/themes\/yao-asian-cousine\/functions.php","line":140}

Jun 01 2018 22:28:06
{"type":8,"message":"Undefined index: selected_method","file":"\/home\/yao\/public_html\/wp-content\/themes\/yao-asian-cousine\/functions.php","line":140}

Jun 01 2018 22:28:10
{"type":8,"message":"Undefined index: selected_method","file":"\/home\/yao\/public_html\/wp-content\/themes\/yao-asian-cousine\/functions.php","line":140}

Jun 01 2018 22:28:14
{"type":8,"message":"Undefined index: selected_method","file":"\/home\/yao\/public_html\/wp-content\/themes\/yao-asian-cousine\/functions.php","line":140}

Jun 01 2018 22:28:17
{"type":8,"message":"Undefined index: selected_method","file":"\/home\/yao\/public_html\/wp-content\/themes\/yao-asian-cousine\/functions.php","line":140}

Jun 01 2018 22:28:21
{"type":8,"message":"Undefined index: selected_method","file":"\/home\/yao\/public_html\/wp-content\/themes\/yao-asian-cousine\/functions.php","line":140}

Jun 01 2018 22:28:24
{"type":8,"message":"Undefined index: selected_method","file":"\/home\/yao\/public_html\/wp-content\/themes\/yao-asian-cousine\/functions.php","line":140}

Jun 01 2018 22:28:28
{"type":8,"message":"Undefined index: selected_method","file":"\/home\/yao\/public_html\/wp-content\/themes\/yao-asian-cousine\/functions.php","line":140}

Jun 01 2018 22:28:31
{"type":8,"message":"Undefined index: selected_method","file":"\/home\/yao\/public_html\/wp-content\/themes\/yao-asian-cousine\/functions.php","line":140}

Jun 01 2018 22:28:36
{"type":8,"message":"Undefined index: selected_method","file":"\/home\/yao\/public_html\/wp-content\/themes\/yao-asian-cousine\/functions.php","line":140}

Jun 01 2018 22:28:39
{"type":8,"message":"Undefined index: selected_method","file":"\/home\/yao\/public_html\/wp-content\/themes\/yao-asian-cousine\/functions.php","line":140}

Jun 01 2018 22:28:43
{"type":8,"message":"Undefined index: selected_method","file":"\/home\/yao\/public_html\/wp-content\/themes\/yao-asian-cousine\/functions.php","line":140}

Jun 01 2018 22:28:46
{"type":8,"message":"Undefined index: selected_method","file":"\/home\/yao\/public_html\/wp-content\/themes\/yao-asian-cousine\/functions.php","line":140}

Jun 01 2018 22:28:50
{"type":8,"message":"Undefined index: selected_method","file":"\/home\/yao\/public_html\/wp-content\/themes\/yao-asian-cousine\/functions.php","line":140}

Jun 01 2018 22:28:51
{"type":8,"message":"Undefined index: selected_method","file":"\/home\/yao\/public_html\/wp-content\/themes\/yao-asian-cousine\/functions.php","line":140}

Jun 01 2018 22:28:53
{"type":8,"message":"Undefined index: selected_method","file":"\/home\/yao\/public_html\/wp-content\/themes\/yao-asian-cousine\/functions.php","line":140}

Jun 01 2018 22:28:56
{"type":8,"message":"Undefined index: selected_method","file":"\/home\/yao\/public_html\/wp-content\/themes\/yao-asian-cousine\/functions.php","line":140}

Jun 01 2018 22:28:59
{"type":8,"message":"Undefined index: selected_method","file":"\/home\/yao\/public_html\/wp-content\/themes\/yao-asian-cousine\/functions.php","line":140}

Jun 01 2018 22:29:13
{"type":8,"message":"Undefined index: selected_method","file":"\/home\/yao\/public_html\/wp-content\/themes\/yao-asian-cousine\/functions.php","line":140}

Jun 01 2018 22:29:16
{"type":8,"message":"Undefined index: selected_method","file":"\/home\/yao\/public_html\/wp-content\/themes\/yao-asian-cousine\/functions.php","line":140}

Jun 01 2018 22:29:23
{"type":8,"message":"Undefined index: selected_method","file":"\/home\/yao\/public_html\/wp-content\/themes\/yao-asian-cousine\/functions.php","line":140}

Jun 01 2018 22:29:25
{"type":8,"message":"Undefined index: selected_method","file":"\/home\/yao\/public_html\/wp-content\/themes\/yao-asian-cousine\/functions.php","line":140}

Jun 01 2018 22:29:37
{"type":8,"message":"Undefined index: selected_method","file":"\/home\/yao\/public_html\/wp-content\/themes\/yao-asian-cousine\/functions.php","line":140}

Jun 02 2018 03:38:55
{"type":8,"message":"Undefined index: selected_method","file":"\/home\/yao\/public_html\/wp-content\/themes\/yao-asian-cousine\/functions.php","line":140}

Jun 02 2018 03:39:09
{"type":8,"message":"Undefined index: selected_method","file":"\/home\/yao\/public_html\/wp-content\/themes\/yao-asian-cousine\/functions.php","line":140}

Jun 02 2018 03:39:14
{"type":8,"message":"Undefined index: selected_method","file":"\/home\/yao\/public_html\/wp-content\/themes\/yao-asian-cousine\/functions.php","line":140}

Jun 02 2018 03:39:19
{"type":8,"message":"Undefined index: selected_method","file":"\/home\/yao\/public_html\/wp-content\/themes\/yao-asian-cousine\/functions.php","line":140}

Jun 02 2018 03:39:22
{"type":8,"message":"Undefined index: selected_method","file":"\/home\/yao\/public_html\/wp-content\/themes\/yao-asian-cousine\/functions.php","line":140}

Jun 02 2018 03:39:35
{"type":8,"message":"Undefined index: selected_method","file":"\/home\/yao\/public_html\/wp-content\/themes\/yao-asian-cousine\/functions.php","line":140}

Jun 02 2018 03:39:40
{"type":8,"message":"Undefined index: selected_method","file":"\/home\/yao\/public_html\/wp-content\/themes\/yao-asian-cousine\/functions.php","line":140}

Jun 02 2018 03:39:44
{"type":8,"message":"Undefined index: selected_method","file":"\/home\/yao\/public_html\/wp-content\/themes\/yao-asian-cousine\/functions.php","line":140}

Jun 02 2018 03:39:48
{"type":8,"message":"Undefined index: selected_method","file":"\/home\/yao\/public_html\/wp-content\/themes\/yao-asian-cousine\/functions.php","line":140}

Jun 02 2018 03:39:51
{"type":8,"message":"Undefined index: selected_method","file":"\/home\/yao\/public_html\/wp-content\/themes\/yao-asian-cousine\/functions.php","line":140}

Jun 02 2018 03:39:56
{"type":8,"message":"Undefined index: selected_method","file":"\/home\/yao\/public_html\/wp-content\/themes\/yao-asian-cousine\/functions.php","line":140}

Jun 02 2018 03:43:08
{"type":2,"message":"mkdir(): File exists","file":"\/home\/yao\/public_html\/wp-content\/plugins\/woocommerce-pdf-invoices-packing-slips\/includes\/class-wcpdf-main.php","line":315}

Jun 02 2018 03:43:11
{"type":8,"message":"Undefined index: selected_method","file":"\/home\/yao\/public_html\/wp-content\/themes\/yao-asian-cousine\/functions.php","line":140}

Jun 02 2018 03:43:13
{"type":8,"message":"Undefined index: selected_method","file":"\/home\/yao\/public_html\/wp-content\/themes\/yao-asian-cousine\/functions.php","line":140}

Jun 02 2018 03:43:15
{"type":8,"message":"Undefined index: selected_method","file":"\/home\/yao\/public_html\/wp-content\/themes\/yao-asian-cousine\/functions.php","line":140}

Jun 02 2018 03:43:18
{"type":8,"message":"Undefined index: selected_method","file":"\/home\/yao\/public_html\/wp-content\/themes\/yao-asian-cousine\/functions.php","line":140}

Jun 02 2018 03:43:25
{"type":8,"message":"Undefined index: selected_method","file":"\/home\/yao\/public_html\/wp-content\/themes\/yao-asian-cousine\/functions.php","line":140}

Jun 02 2018 03:43:29
{"type":8,"message":"Undefined index: selected_method","file":"\/home\/yao\/public_html\/wp-content\/themes\/yao-asian-cousine\/functions.php","line":140}

Jun 02 2018 03:43:32
{"type":8,"message":"Undefined index: selected_method","file":"\/home\/yao\/public_html\/wp-content\/themes\/yao-asian-cousine\/functions.php","line":140}

Jun 02 2018 03:43:33
{"type":8,"message":"Undefined index: selected_method","file":"\/home\/yao\/public_html\/wp-content\/themes\/yao-asian-cousine\/functions.php","line":140}

Jun 02 2018 03:43:36
{"type":8,"message":"Undefined index: selected_method","file":"\/home\/yao\/public_html\/wp-content\/themes\/yao-asian-cousine\/functions.php","line":140}

Jun 05 2018 00:43:24
{"type":8,"message":"A session had already been started - ignoring session_start()","file":"\/home\/yao\/public_html\/wp-content\/themes\/yao-asian-cousine\/functions.php","line":137}

Jun 06 2018 01:42:05
{"type":8,"message":"Undefined index: selected_method","file":"\/home\/yao\/public_html\/wp-content\/themes\/yao-asian-cousine\/functions.php","line":140}

Jun 06 2018 01:42:45
{"type":8,"message":"Undefined index: selected_method","file":"\/home\/yao\/public_html\/wp-content\/themes\/yao-asian-cousine\/functions.php","line":140}

Jun 06 2018 01:42:49
{"type":8,"message":"Undefined index: selected_method","file":"\/home\/yao\/public_html\/wp-content\/themes\/yao-asian-cousine\/functions.php","line":140}

Jun 06 2018 01:42:52
{"type":8,"message":"Undefined index: selected_method","file":"\/home\/yao\/public_html\/wp-content\/themes\/yao-asian-cousine\/functions.php","line":140}

Jun 06 2018 01:42:52
{"type":8,"message":"Undefined index: selected_method","file":"\/home\/yao\/public_html\/wp-content\/themes\/yao-asian-cousine\/functions.php","line":140}

Jun 06 2018 01:58:41
{"type":8,"message":"Undefined index: selected_method","file":"\/home\/yao\/public_html\/wp-content\/themes\/yao-asian-cousine\/functions.php","line":140}

Jun 17 2018 22:48:04
{"type":8,"message":"Undefined index: selected_method","file":"\/home\/yao\/public_html\/wp-content\/themes\/yao-asian-cousine\/functions.php","line":140}

Jun 17 2018 22:48:06
{"type":8,"message":"Undefined index: selected_method","file":"\/home\/yao\/public_html\/wp-content\/themes\/yao-asian-cousine\/functions.php","line":140}

Jun 17 2018 22:48:09
{"type":8,"message":"Undefined index: selected_method","file":"\/home\/yao\/public_html\/wp-content\/themes\/yao-asian-cousine\/functions.php","line":140}

Jun 17 2018 22:48:13
{"type":8,"message":"Undefined index: selected_method","file":"\/home\/yao\/public_html\/wp-content\/themes\/yao-asian-cousine\/functions.php","line":140}

Jun 17 2018 22:48:20
{"type":8,"message":"Undefined index: selected_method","file":"\/home\/yao\/public_html\/wp-content\/themes\/yao-asian-cousine\/functions.php","line":140}

Jun 17 2018 22:48:33
{"type":8,"message":"Undefined index: selected_method","file":"\/home\/yao\/public_html\/wp-content\/themes\/yao-asian-cousine\/functions.php","line":140}

Jun 17 2018 22:48:45
{"type":8,"message":"Undefined index: selected_method","file":"\/home\/yao\/public_html\/wp-content\/themes\/yao-asian-cousine\/functions.php","line":140}

Jun 17 2018 22:48:52
{"type":8,"message":"Undefined index: selected_method","file":"\/home\/yao\/public_html\/wp-content\/themes\/yao-asian-cousine\/functions.php","line":140}

Jun 17 2018 22:48:55
{"type":8,"message":"Undefined index: selected_method","file":"\/home\/yao\/public_html\/wp-content\/themes\/yao-asian-cousine\/functions.php","line":140}

Jun 17 2018 22:48:58
{"type":8,"message":"Undefined index: selected_method","file":"\/home\/yao\/public_html\/wp-content\/themes\/yao-asian-cousine\/functions.php","line":140}

Jun 17 2018 22:49:01
{"type":8,"message":"Undefined index: selected_method","file":"\/home\/yao\/public_html\/wp-content\/themes\/yao-asian-cousine\/functions.php","line":140}

Nov 22 2018 20:41:00
{"type":8,"message":"Undefined index: selected_method","file":"\/home\/yao\/public_html\/wp-content\/themes\/yao-asian-cousine\/functions.php","line":140}

Nov 22 2018 20:41:02
{"type":8,"message":"Undefined index: selected_method","file":"\/home\/yao\/public_html\/wp-content\/themes\/yao-asian-cousine\/functions.php","line":140}

Nov 22 2018 20:41:04
{"type":8,"message":"Undefined index: selected_method","file":"\/home\/yao\/public_html\/wp-content\/themes\/yao-asian-cousine\/functions.php","line":140}

Nov 22 2018 20:41:06
{"type":8,"message":"Undefined index: selected_method","file":"\/home\/yao\/public_html\/wp-content\/themes\/yao-asian-cousine\/functions.php","line":140}

Nov 22 2018 20:41:08
{"type":8,"message":"Undefined index: selected_method","file":"\/home\/yao\/public_html\/wp-content\/themes\/yao-asian-cousine\/functions.php","line":140}

Nov 22 2018 20:41:21
{"type":8,"message":"Undefined index: selected_method","file":"\/home\/yao\/public_html\/wp-content\/themes\/yao-asian-cousine\/functions.php","line":140}

Nov 22 2018 20:41:26
{"type":8,"message":"Undefined index: selected_method","file":"\/home\/yao\/public_html\/wp-content\/themes\/yao-asian-cousine\/functions.php","line":140}

Nov 22 2018 20:41:38
{"type":8,"message":"Undefined index: selected_method","file":"\/home\/yao\/public_html\/wp-content\/themes\/yao-asian-cousine\/functions.php","line":140}

Nov 22 2018 20:41:50
{"type":8,"message":"Undefined index: selected_method","file":"\/home\/yao\/public_html\/wp-content\/themes\/yao-asian-cousine\/functions.php","line":140}

Nov 22 2018 20:42:01
{"type":8,"message":"Undefined index: selected_method","file":"\/home\/yao\/public_html\/wp-content\/themes\/yao-asian-cousine\/functions.php","line":140}

Nov 22 2018 20:42:10
{"type":8,"message":"Undefined index: selected_method","file":"\/home\/yao\/public_html\/wp-content\/themes\/yao-asian-cousine\/functions.php","line":140}

Nov 22 2018 20:42:12
{"type":8,"message":"Undefined index: selected_method","file":"\/home\/yao\/public_html\/wp-content\/themes\/yao-asian-cousine\/functions.php","line":140}

Nov 22 2018 20:42:14
{"type":8,"message":"Undefined index: selected_method","file":"\/home\/yao\/public_html\/wp-content\/themes\/yao-asian-cousine\/functions.php","line":140}

Nov 27 2018 03:49:25
{"type":8,"message":"Undefined index: selected_method","file":"\/home\/yao\/public_html\/wp-content\/themes\/yao-asian-cousine\/functions.php","line":140}

Nov 27 2018 03:49:29
{"type":8,"message":"Undefined index: selected_method","file":"\/home\/yao\/public_html\/wp-content\/themes\/yao-asian-cousine\/functions.php","line":140}

Nov 27 2018 03:49:31
{"type":8,"message":"Undefined index: selected_method","file":"\/home\/yao\/public_html\/wp-content\/themes\/yao-asian-cousine\/functions.php","line":140}

Nov 27 2018 03:49:32
{"type":8,"message":"Undefined index: selected_method","file":"\/home\/yao\/public_html\/wp-content\/themes\/yao-asian-cousine\/functions.php","line":140}

Nov 27 2018 03:49:36
{"type":8,"message":"Undefined index: selected_method","file":"\/home\/yao\/public_html\/wp-content\/themes\/yao-asian-cousine\/functions.php","line":140}

Nov 27 2018 03:49:41
{"type":8,"message":"Undefined index: selected_method","file":"\/home\/yao\/public_html\/wp-content\/themes\/yao-asian-cousine\/functions.php","line":140}

Jan 03 2019 13:39:48
{"type":8,"message":"Undefined index: selected_method","file":"\/home\/yao\/public_html\/wp-content\/themes\/yao-asian-cousine\/functions.php","line":140}

Jan 03 2019 13:39:51
{"type":8,"message":"Undefined index: selected_method","file":"\/home\/yao\/public_html\/wp-content\/themes\/yao-asian-cousine\/functions.php","line":140}

Jan 03 2019 13:39:53
{"type":8,"message":"Undefined index: selected_method","file":"\/home\/yao\/public_html\/wp-content\/themes\/yao-asian-cousine\/functions.php","line":140}

Jan 03 2019 13:39:54
{"type":8,"message":"Undefined index: selected_method","file":"\/home\/yao\/public_html\/wp-content\/themes\/yao-asian-cousine\/functions.php","line":140}

Jan 03 2019 13:39:58
{"type":8,"message":"Undefined index: selected_method","file":"\/home\/yao\/public_html\/wp-content\/themes\/yao-asian-cousine\/functions.php","line":140}

Jan 03 2019 13:40:10
{"type":8,"message":"Undefined index: selected_method","file":"\/home\/yao\/public_html\/wp-content\/themes\/yao-asian-cousine\/functions.php","line":140}

Jan 03 2019 13:40:20
{"type":8,"message":"Undefined index: selected_method","file":"\/home\/yao\/public_html\/wp-content\/themes\/yao-asian-cousine\/functions.php","line":140}

Jan 03 2019 13:40:32
{"type":8,"message":"Undefined index: selected_method","file":"\/home\/yao\/public_html\/wp-content\/themes\/yao-asian-cousine\/functions.php","line":140}

Jan 03 2019 13:40:44
{"type":8,"message":"Undefined index: selected_method","file":"\/home\/yao\/public_html\/wp-content\/themes\/yao-asian-cousine\/functions.php","line":140}

Jan 03 2019 13:40:57
{"type":8,"message":"Undefined index: selected_method","file":"\/home\/yao\/public_html\/wp-content\/themes\/yao-asian-cousine\/functions.php","line":140}

Jan 03 2019 13:41:09
{"type":8,"message":"Undefined index: selected_method","file":"\/home\/yao\/public_html\/wp-content\/themes\/yao-asian-cousine\/functions.php","line":140}

Jan 03 2019 13:41:21
{"type":8,"message":"Undefined index: selected_method","file":"\/home\/yao\/public_html\/wp-content\/themes\/yao-asian-cousine\/functions.php","line":140}

Jan 03 2019 13:41:33
{"type":8,"message":"Undefined index: selected_method","file":"\/home\/yao\/public_html\/wp-content\/themes\/yao-asian-cousine\/functions.php","line":140}

Jan 03 2019 13:41:46
{"type":8,"message":"Undefined index: selected_method","file":"\/home\/yao\/public_html\/wp-content\/themes\/yao-asian-cousine\/functions.php","line":140}

Jan 03 2019 13:41:59
{"type":8,"message":"Undefined index: selected_method","file":"\/home\/yao\/public_html\/wp-content\/themes\/yao-asian-cousine\/functions.php","line":140}

Jan 03 2019 13:42:11
{"type":8,"message":"Undefined index: selected_method","file":"\/home\/yao\/public_html\/wp-content\/themes\/yao-asian-cousine\/functions.php","line":140}

Jan 03 2019 13:42:16
{"type":8,"message":"Undefined index: selected_method","file":"\/home\/yao\/public_html\/wp-content\/themes\/yao-asian-cousine\/functions.php","line":140}

Jan 03 2019 13:42:19
{"type":8,"message":"Undefined index: selected_method","file":"\/home\/yao\/public_html\/wp-content\/themes\/yao-asian-cousine\/functions.php","line":140}

Jan 03 2019 13:42:21
{"type":8,"message":"Undefined index: selected_method","file":"\/home\/yao\/public_html\/wp-content\/themes\/yao-asian-cousine\/functions.php","line":140}

Jan 03 2019 13:42:22
{"type":8,"message":"Undefined index: selected_method","file":"\/home\/yao\/public_html\/wp-content\/themes\/yao-asian-cousine\/functions.php","line":140}

Jan 09 2019 23:45:22
{"type":8,"message":"Undefined index: selected_method","file":"\/home\/yao\/public_html\/wp-content\/themes\/yao-asian-cousine\/functions.php","line":140}

Jan 09 2019 23:45:25
{"type":8,"message":"Undefined index: selected_method","file":"\/home\/yao\/public_html\/wp-content\/themes\/yao-asian-cousine\/functions.php","line":140}

Jan 09 2019 23:45:35
{"type":8,"message":"Undefined index: selected_method","file":"\/home\/yao\/public_html\/wp-content\/themes\/yao-asian-cousine\/functions.php","line":140}

Jan 09 2019 23:45:41
{"type":8,"message":"Undefined index: selected_method","file":"\/home\/yao\/public_html\/wp-content\/themes\/yao-asian-cousine\/functions.php","line":140}

Jan 09 2019 23:45:45
{"type":8,"message":"Undefined index: selected_method","file":"\/home\/yao\/public_html\/wp-content\/themes\/yao-asian-cousine\/functions.php","line":140}

Jan 09 2019 23:45:57
{"type":8,"message":"Undefined index: selected_method","file":"\/home\/yao\/public_html\/wp-content\/themes\/yao-asian-cousine\/functions.php","line":140}

Jan 09 2019 23:46:04
{"type":8,"message":"Undefined index: selected_method","file":"\/home\/yao\/public_html\/wp-content\/themes\/yao-asian-cousine\/functions.php","line":140}

Jan 09 2019 23:46:16
{"type":8,"message":"Undefined index: selected_method","file":"\/home\/yao\/public_html\/wp-content\/themes\/yao-asian-cousine\/functions.php","line":140}

Jan 09 2019 23:46:28
{"type":8,"message":"Undefined index: selected_method","file":"\/home\/yao\/public_html\/wp-content\/themes\/yao-asian-cousine\/functions.php","line":140}

Jan 09 2019 23:46:41
{"type":8,"message":"Undefined index: selected_method","file":"\/home\/yao\/public_html\/wp-content\/themes\/yao-asian-cousine\/functions.php","line":140}

Jan 09 2019 23:46:53
{"type":8,"message":"Undefined index: selected_method","file":"\/home\/yao\/public_html\/wp-content\/themes\/yao-asian-cousine\/functions.php","line":140}

Jan 09 2019 23:47:06
{"type":8,"message":"Undefined index: selected_method","file":"\/home\/yao\/public_html\/wp-content\/themes\/yao-asian-cousine\/functions.php","line":140}

Jan 09 2019 23:47:18
{"type":8,"message":"Undefined index: selected_method","file":"\/home\/yao\/public_html\/wp-content\/themes\/yao-asian-cousine\/functions.php","line":140}

Jan 09 2019 23:47:30
{"type":8,"message":"Undefined index: selected_method","file":"\/home\/yao\/public_html\/wp-content\/themes\/yao-asian-cousine\/functions.php","line":140}

Jan 09 2019 23:47:43
{"type":8,"message":"Undefined index: selected_method","file":"\/home\/yao\/public_html\/wp-content\/themes\/yao-asian-cousine\/functions.php","line":140}

Jan 09 2019 23:47:56
{"type":8,"message":"Undefined index: selected_method","file":"\/home\/yao\/public_html\/wp-content\/themes\/yao-asian-cousine\/functions.php","line":140}

Jan 09 2019 23:48:08
{"type":8,"message":"Undefined index: selected_method","file":"\/home\/yao\/public_html\/wp-content\/themes\/yao-asian-cousine\/functions.php","line":140}

Jan 09 2019 23:48:20
{"type":8,"message":"Undefined index: selected_method","file":"\/home\/yao\/public_html\/wp-content\/themes\/yao-asian-cousine\/functions.php","line":140}

Jan 09 2019 23:48:43
{"type":8,"message":"Undefined index: selected_method","file":"\/home\/yao\/public_html\/wp-content\/themes\/yao-asian-cousine\/functions.php","line":140}

Jan 09 2019 23:48:57
{"type":8,"message":"Undefined index: selected_method","file":"\/home\/yao\/public_html\/wp-content\/themes\/yao-asian-cousine\/functions.php","line":140}

Jan 09 2019 23:49:14
{"type":8,"message":"Undefined index: selected_method","file":"\/home\/yao\/public_html\/wp-content\/themes\/yao-asian-cousine\/functions.php","line":140}

Jan 09 2019 23:49:25
{"type":8,"message":"Undefined index: selected_method","file":"\/home\/yao\/public_html\/wp-content\/themes\/yao-asian-cousine\/functions.php","line":140}

Jan 09 2019 23:49:37
{"type":8,"message":"Undefined index: selected_method","file":"\/home\/yao\/public_html\/wp-content\/themes\/yao-asian-cousine\/functions.php","line":140}

Jan 09 2019 23:49:50
{"type":8,"message":"Undefined index: selected_method","file":"\/home\/yao\/public_html\/wp-content\/themes\/yao-asian-cousine\/functions.php","line":140}

Jan 09 2019 23:50:03
{"type":8,"message":"Undefined index: selected_method","file":"\/home\/yao\/public_html\/wp-content\/themes\/yao-asian-cousine\/functions.php","line":140}

Jan 09 2019 23:50:16
{"type":8,"message":"Undefined index: selected_method","file":"\/home\/yao\/public_html\/wp-content\/themes\/yao-asian-cousine\/functions.php","line":140}

Jan 09 2019 23:50:28
{"type":8,"message":"Undefined index: selected_method","file":"\/home\/yao\/public_html\/wp-content\/themes\/yao-asian-cousine\/functions.php","line":140}

Jan 09 2019 23:50:41
{"type":8,"message":"Undefined index: selected_method","file":"\/home\/yao\/public_html\/wp-content\/themes\/yao-asian-cousine\/functions.php","line":140}

Jan 09 2019 23:50:46
{"type":8,"message":"Undefined index: selected_method","file":"\/home\/yao\/public_html\/wp-content\/themes\/yao-asian-cousine\/functions.php","line":140}

Jan 09 2019 23:50:48
{"type":8,"message":"Undefined index: selected_method","file":"\/home\/yao\/public_html\/wp-content\/themes\/yao-asian-cousine\/functions.php","line":140}

Jan 09 2019 23:50:51
{"type":8,"message":"Undefined index: selected_method","file":"\/home\/yao\/public_html\/wp-content\/themes\/yao-asian-cousine\/functions.php","line":140}

Jan 09 2019 23:50:53
{"type":8,"message":"Undefined index: selected_method","file":"\/home\/yao\/public_html\/wp-content\/themes\/yao-asian-cousine\/functions.php","line":140}

Jan 20 2019 05:37:41
{"type":8,"message":"A session had already been started - ignoring session_start()","file":"\/home\/yao\/public_html\/wp-content\/themes\/yao-asian-cousine\/functions.php","line":137}

Jan 20 2019 05:37:45
{"type":8,"message":"A session had already been started - ignoring session_start()","file":"\/home\/yao\/public_html\/wp-content\/themes\/yao-asian-cousine\/functions.php","line":137}

Jan 20 2019 05:37:49
{"type":8,"message":"A session had already been started - ignoring session_start()","file":"\/home\/yao\/public_html\/wp-content\/themes\/yao-asian-cousine\/functions.php","line":137}

Jan 20 2019 05:37:52
{"type":8,"message":"A session had already been started - ignoring session_start()","file":"\/home\/yao\/public_html\/wp-content\/themes\/yao-asian-cousine\/functions.php","line":137}

Jan 20 2019 05:37:56
{"type":8,"message":"A session had already been started - ignoring session_start()","file":"\/home\/yao\/public_html\/wp-content\/themes\/yao-asian-cousine\/functions.php","line":137}

Jan 20 2019 05:38:07
{"type":8,"message":"A session had already been started - ignoring session_start()","file":"\/home\/yao\/public_html\/wp-content\/themes\/yao-asian-cousine\/functions.php","line":137}

Jan 20 2019 05:42:15
{"type":8,"message":"A session had already been started - ignoring session_start()","file":"\/home\/yao\/public_html\/wp-content\/themes\/yao-asian-cousine\/functions.php","line":137}

Jan 20 2019 05:42:20
{"type":8,"message":"A session had already been started - ignoring session_start()","file":"\/home\/yao\/public_html\/wp-content\/themes\/yao-asian-cousine\/functions.php","line":137}

Jan 20 2019 05:42:23
{"type":8,"message":"A session had already been started - ignoring session_start()","file":"\/home\/yao\/public_html\/wp-content\/themes\/yao-asian-cousine\/functions.php","line":137}

Jan 20 2019 05:42:30
{"type":8,"message":"A session had already been started - ignoring session_start()","file":"\/home\/yao\/public_html\/wp-content\/themes\/yao-asian-cousine\/functions.php","line":137}

Jan 20 2019 05:42:34
{"type":8,"message":"A session had already been started - ignoring session_start()","file":"\/home\/yao\/public_html\/wp-content\/themes\/yao-asian-cousine\/functions.php","line":137}

Jan 20 2019 05:42:41
{"type":8,"message":"A session had already been started - ignoring session_start()","file":"\/home\/yao\/public_html\/wp-content\/themes\/yao-asian-cousine\/functions.php","line":137}

Jan 22 2019 12:20:48
{"type":8,"message":"Undefined index: selected_method","file":"\/home\/yao\/public_html\/wp-content\/themes\/yao-asian-cousine\/functions.php","line":140}

Jan 22 2019 12:20:52
{"type":8,"message":"Undefined index: selected_method","file":"\/home\/yao\/public_html\/wp-content\/themes\/yao-asian-cousine\/functions.php","line":140}

Jan 22 2019 12:20:55
{"type":8,"message":"Undefined index: selected_method","file":"\/home\/yao\/public_html\/wp-content\/themes\/yao-asian-cousine\/functions.php","line":140}

Jan 22 2019 12:47:07
{"type":8,"message":"Undefined index: selected_method","file":"\/home\/yao\/public_html\/wp-content\/themes\/yao-asian-cousine\/functions.php","line":140}

Jan 22 2019 13:10:07
{"type":8,"message":"Undefined index: selected_method","file":"\/home\/yao\/public_html\/wp-content\/themes\/yao-asian-cousine\/functions.php","line":140}

Jan 22 2019 13:25:40
{"type":8,"message":"Undefined index: selected_method","file":"\/home\/yao\/public_html\/wp-content\/themes\/yao-asian-cousine\/functions.php","line":140}

Jan 22 2019 13:42:05
{"type":8,"message":"Undefined index: selected_method","file":"\/home\/yao\/public_html\/wp-content\/themes\/yao-asian-cousine\/functions.php","line":140}

Jan 22 2019 14:01:08
{"type":8,"message":"Undefined index: selected_method","file":"\/home\/yao\/public_html\/wp-content\/themes\/yao-asian-cousine\/functions.php","line":140}

Jan 22 2019 14:01:09
{"type":8,"message":"Undefined index: selected_method","file":"\/home\/yao\/public_html\/wp-content\/themes\/yao-asian-cousine\/functions.php","line":140}

Jan 22 2019 14:01:11
{"type":8,"message":"Undefined index: selected_method","file":"\/home\/yao\/public_html\/wp-content\/themes\/yao-asian-cousine\/functions.php","line":140}

Jan 22 2019 14:01:12
{"type":8,"message":"Undefined index: selected_method","file":"\/home\/yao\/public_html\/wp-content\/themes\/yao-asian-cousine\/functions.php","line":140}

Jan 22 2019 14:01:15
{"type":8,"message":"Undefined index: selected_method","file":"\/home\/yao\/public_html\/wp-content\/themes\/yao-asian-cousine\/functions.php","line":140}

Jan 22 2019 14:01:18
{"Number":2,"Message":"fopen(\/home\/yao\/public_html\/wp-content\/uploads\/wpo_wcpdf\/attachments\/factura-7224.pdf): failed to open stream: No such file or directory","File":"\/home\/yao\/public_html\/wp-content\/plugins\/all-in-one-wp-migration\/lib\/vendor\/servmask\/archiver\/class-ai1wm-compressor.php","Line":69}

Jan 22 2019 14:01:18
{"Number":2,"Message":"fopen(\/home\/yao\/public_html\/wp-content\/uploads\/wpo_wcpdf\/attachments\/factura-7226.pdf): failed to open stream: No such file or directory","File":"\/home\/yao\/public_html\/wp-content\/plugins\/all-in-one-wp-migration\/lib\/vendor\/servmask\/archiver\/class-ai1wm-compressor.php","Line":69}

Jan 22 2019 14:01:18
{"Number":2,"Message":"fopen(\/home\/yao\/public_html\/wp-content\/uploads\/wpo_wcpdf\/attachments\/factura-7231.pdf): failed to open stream: No such file or directory","File":"\/home\/yao\/public_html\/wp-content\/plugins\/all-in-one-wp-migration\/lib\/vendor\/servmask\/archiver\/class-ai1wm-compressor.php","Line":69}

Jan 22 2019 14:01:18
{"Number":2,"Message":"fopen(\/home\/yao\/public_html\/wp-content\/uploads\/wpo_wcpdf\/attachments\/factura-7227.pdf): failed to open stream: No such file or directory","File":"\/home\/yao\/public_html\/wp-content\/plugins\/all-in-one-wp-migration\/lib\/vendor\/servmask\/archiver\/class-ai1wm-compressor.php","Line":69}

Jan 22 2019 14:01:18
{"Number":2,"Message":"fopen(\/home\/yao\/public_html\/wp-content\/uploads\/wpo_wcpdf\/attachments\/factura-7232.pdf): failed to open stream: No such file or directory","File":"\/home\/yao\/public_html\/wp-content\/plugins\/all-in-one-wp-migration\/lib\/vendor\/servmask\/archiver\/class-ai1wm-compressor.php","Line":69}

Jan 22 2019 14:01:18
{"Number":2,"Message":"fopen(\/home\/yao\/public_html\/wp-content\/uploads\/wpo_wcpdf\/attachments\/factura-7228.pdf): failed to open stream: No such file or directory","File":"\/home\/yao\/public_html\/wp-content\/plugins\/all-in-one-wp-migration\/lib\/vendor\/servmask\/archiver\/class-ai1wm-compressor.php","Line":69}

Jan 22 2019 14:01:18
{"Number":2,"Message":"fopen(\/home\/yao\/public_html\/wp-content\/uploads\/wpo_wcpdf\/attachments\/factura-7233.pdf): failed to open stream: No such file or directory","File":"\/home\/yao\/public_html\/wp-content\/plugins\/all-in-one-wp-migration\/lib\/vendor\/servmask\/archiver\/class-ai1wm-compressor.php","Line":69}

Jan 22 2019 14:01:18
{"Number":2,"Message":"fopen(\/home\/yao\/public_html\/wp-content\/uploads\/wpo_wcpdf\/attachments\/factura-7229.pdf): failed to open stream: No such file or directory","File":"\/home\/yao\/public_html\/wp-content\/plugins\/all-in-one-wp-migration\/lib\/vendor\/servmask\/archiver\/class-ai1wm-compressor.php","Line":69}

Jan 22 2019 14:01:18
{"Number":2,"Message":"fopen(\/home\/yao\/public_html\/wp-content\/uploads\/wpo_wcpdf\/attachments\/factura-7234.pdf): failed to open stream: No such file or directory","File":"\/home\/yao\/public_html\/wp-content\/plugins\/all-in-one-wp-migration\/lib\/vendor\/servmask\/archiver\/class-ai1wm-compressor.php","Line":69}

Jan 22 2019 14:01:18
{"Number":2,"Message":"fopen(\/home\/yao\/public_html\/wp-content\/uploads\/wpo_wcpdf\/attachments\/factura-7219.pdf): failed to open stream: No such file or directory","File":"\/home\/yao\/public_html\/wp-content\/plugins\/all-in-one-wp-migration\/lib\/vendor\/servmask\/archiver\/class-ai1wm-compressor.php","Line":69}

Jan 22 2019 14:01:18
{"Number":2,"Message":"fopen(\/home\/yao\/public_html\/wp-content\/uploads\/wpo_wcpdf\/attachments\/factura-7220.pdf): failed to open stream: No such file or directory","File":"\/home\/yao\/public_html\/wp-content\/plugins\/all-in-one-wp-migration\/lib\/vendor\/servmask\/archiver\/class-ai1wm-compressor.php","Line":69}

Jan 22 2019 14:01:18
{"Number":2,"Message":"fopen(\/home\/yao\/public_html\/wp-content\/uploads\/wpo_wcpdf\/attachments\/factura-7221.pdf): failed to open stream: No such file or directory","File":"\/home\/yao\/public_html\/wp-content\/plugins\/all-in-one-wp-migration\/lib\/vendor\/servmask\/archiver\/class-ai1wm-compressor.php","Line":69}

Jan 22 2019 14:01:18
{"Number":2,"Message":"fopen(\/home\/yao\/public_html\/wp-content\/uploads\/wpo_wcpdf\/attachments\/factura-7222.pdf): failed to open stream: No such file or directory","File":"\/home\/yao\/public_html\/wp-content\/plugins\/all-in-one-wp-migration\/lib\/vendor\/servmask\/archiver\/class-ai1wm-compressor.php","Line":69}

Jan 22 2019 14:01:18
{"Number":2,"Message":"fopen(\/home\/yao\/public_html\/wp-content\/uploads\/wpo_wcpdf\/attachments\/factura-7223.pdf): failed to open stream: No such file or directory","File":"\/home\/yao\/public_html\/wp-content\/plugins\/all-in-one-wp-migration\/lib\/vendor\/servmask\/archiver\/class-ai1wm-compressor.php","Line":69}

Jan 22 2019 14:01:18
{"Number":2,"Message":"fopen(\/home\/yao\/public_html\/wp-content\/uploads\/wpo_wcpdf\/attachments\/factura-7230.pdf): failed to open stream: No such file or directory","File":"\/home\/yao\/public_html\/wp-content\/plugins\/all-in-one-wp-migration\/lib\/vendor\/servmask\/archiver\/class-ai1wm-compressor.php","Line":69}

Jan 22 2019 14:01:18
{"Number":2,"Message":"fopen(\/home\/yao\/public_html\/wp-content\/uploads\/wpo_wcpdf\/attachments\/factura-7235.pdf): failed to open stream: No such file or directory","File":"\/home\/yao\/public_html\/wp-content\/plugins\/all-in-one-wp-migration\/lib\/vendor\/servmask\/archiver\/class-ai1wm-compressor.php","Line":69}

Jan 22 2019 14:01:18
{"Number":2,"Message":"fopen(\/home\/yao\/public_html\/wp-content\/uploads\/wpo_wcpdf\/attachments\/factura-7236.pdf): failed to open stream: No such file or directory","File":"\/home\/yao\/public_html\/wp-content\/plugins\/all-in-one-wp-migration\/lib\/vendor\/servmask\/archiver\/class-ai1wm-compressor.php","Line":69}

Jan 22 2019 14:01:18
{"Number":2,"Message":"fopen(\/home\/yao\/public_html\/wp-content\/uploads\/wpo_wcpdf\/attachments\/factura-7237.pdf): failed to open stream: No such file or directory","File":"\/home\/yao\/public_html\/wp-content\/plugins\/all-in-one-wp-migration\/lib\/vendor\/servmask\/archiver\/class-ai1wm-compressor.php","Line":69}

Jan 22 2019 14:01:18
{"Number":2,"Message":"fopen(\/home\/yao\/public_html\/wp-content\/uploads\/wpo_wcpdf\/attachments\/factura-7238.pdf): failed to open stream: No such file or directory","File":"\/home\/yao\/public_html\/wp-content\/plugins\/all-in-one-wp-migration\/lib\/vendor\/servmask\/archiver\/class-ai1wm-compressor.php","Line":69}

Jan 22 2019 14:01:18
{"Number":2,"Message":"fopen(\/home\/yao\/public_html\/wp-content\/uploads\/wpo_wcpdf\/attachments\/factura-7239.pdf): failed to open stream: No such file or directory","File":"\/home\/yao\/public_html\/wp-content\/plugins\/all-in-one-wp-migration\/lib\/vendor\/servmask\/archiver\/class-ai1wm-compressor.php","Line":69}

Jan 22 2019 14:01:18
{"Number":2,"Message":"fopen(\/home\/yao\/public_html\/wp-content\/uploads\/wpo_wcpdf\/attachments\/factura-7240.pdf): failed to open stream: No such file or directory","File":"\/home\/yao\/public_html\/wp-content\/plugins\/all-in-one-wp-migration\/lib\/vendor\/servmask\/archiver\/class-ai1wm-compressor.php","Line":69}

Jan 22 2019 14:01:18
{"Number":2,"Message":"fopen(\/home\/yao\/public_html\/wp-content\/uploads\/wpo_wcpdf\/attachments\/factura-7243.pdf): failed to open stream: No such file or directory","File":"\/home\/yao\/public_html\/wp-content\/plugins\/all-in-one-wp-migration\/lib\/vendor\/servmask\/archiver\/class-ai1wm-compressor.php","Line":69}

Jan 22 2019 14:01:18
{"Number":2,"Message":"fopen(\/home\/yao\/public_html\/wp-content\/uploads\/wpo_wcpdf\/attachments\/factura-7247.pdf): failed to open stream: No such file or directory","File":"\/home\/yao\/public_html\/wp-content\/plugins\/all-in-one-wp-migration\/lib\/vendor\/servmask\/archiver\/class-ai1wm-compressor.php","Line":69}

Jan 22 2019 14:01:18
{"Number":2,"Message":"fopen(\/home\/yao\/public_html\/wp-content\/uploads\/wpo_wcpdf\/attachments\/factura-7244.pdf): failed to open stream: No such file or directory","File":"\/home\/yao\/public_html\/wp-content\/plugins\/all-in-one-wp-migration\/lib\/vendor\/servmask\/archiver\/class-ai1wm-compressor.php","Line":69}

Jan 22 2019 14:01:18
{"Number":2,"Message":"fopen(\/home\/yao\/public_html\/wp-content\/uploads\/wpo_wcpdf\/attachments\/factura-7248.pdf): failed to open stream: No such file or directory","File":"\/home\/yao\/public_html\/wp-content\/plugins\/all-in-one-wp-migration\/lib\/vendor\/servmask\/archiver\/class-ai1wm-compressor.php","Line":69}

Jan 22 2019 14:01:18
{"Number":2,"Message":"fopen(\/home\/yao\/public_html\/wp-content\/uploads\/wpo_wcpdf\/attachments\/factura-7245.pdf): failed to open stream: No such file or directory","File":"\/home\/yao\/public_html\/wp-content\/plugins\/all-in-one-wp-migration\/lib\/vendor\/servmask\/archiver\/class-ai1wm-compressor.php","Line":69}

Jan 22 2019 14:01:19
{"Number":2,"Message":"fopen(\/home\/yao\/public_html\/wp-content\/uploads\/wpo_wcpdf\/attachments\/factura-7246.pdf): failed to open stream: No such file or directory","File":"\/home\/yao\/public_html\/wp-content\/plugins\/all-in-one-wp-migration\/lib\/vendor\/servmask\/archiver\/class-ai1wm-compressor.php","Line":69}

Jan 22 2019 14:01:26
{"type":8,"message":"Undefined index: selected_method","file":"\/home\/yao\/public_html\/wp-content\/themes\/yao-asian-cousine\/functions.php","line":140}

Jan 22 2019 14:01:35
{"type":8,"message":"Undefined index: selected_method","file":"\/home\/yao\/public_html\/wp-content\/themes\/yao-asian-cousine\/functions.php","line":140}

Jan 22 2019 14:01:47
{"type":8,"message":"Undefined index: selected_method","file":"\/home\/yao\/public_html\/wp-content\/themes\/yao-asian-cousine\/functions.php","line":140}

Jan 22 2019 14:01:59
{"type":8,"message":"Undefined index: selected_method","file":"\/home\/yao\/public_html\/wp-content\/themes\/yao-asian-cousine\/functions.php","line":140}

Jan 22 2019 14:02:10
{"type":8,"message":"Undefined index: selected_method","file":"\/home\/yao\/public_html\/wp-content\/themes\/yao-asian-cousine\/functions.php","line":140}

Jan 22 2019 14:02:22
{"type":8,"message":"Undefined index: selected_method","file":"\/home\/yao\/public_html\/wp-content\/themes\/yao-asian-cousine\/functions.php","line":140}

Jan 22 2019 14:02:34
{"type":8,"message":"Undefined index: selected_method","file":"\/home\/yao\/public_html\/wp-content\/themes\/yao-asian-cousine\/functions.php","line":140}

Jan 22 2019 14:02:45
{"type":8,"message":"Undefined index: selected_method","file":"\/home\/yao\/public_html\/wp-content\/themes\/yao-asian-cousine\/functions.php","line":140}

Jan 22 2019 14:02:57
{"type":8,"message":"Undefined index: selected_method","file":"\/home\/yao\/public_html\/wp-content\/themes\/yao-asian-cousine\/functions.php","line":140}

Jan 22 2019 14:03:09
{"type":8,"message":"Undefined index: selected_method","file":"\/home\/yao\/public_html\/wp-content\/themes\/yao-asian-cousine\/functions.php","line":140}

Jan 22 2019 14:03:13
{"type":8,"message":"Undefined index: selected_method","file":"\/home\/yao\/public_html\/wp-content\/themes\/yao-asian-cousine\/functions.php","line":140}

Jan 22 2019 14:03:15
{"type":8,"message":"Undefined index: selected_method","file":"\/home\/yao\/public_html\/wp-content\/themes\/yao-asian-cousine\/functions.php","line":140}

Jan 22 2019 14:03:17
{"type":8,"message":"Undefined index: selected_method","file":"\/home\/yao\/public_html\/wp-content\/themes\/yao-asian-cousine\/functions.php","line":140}

Jan 22 2019 14:03:18
{"type":8,"message":"Undefined index: selected_method","file":"\/home\/yao\/public_html\/wp-content\/themes\/yao-asian-cousine\/functions.php","line":140}

